docker compose -f srcs/docker-compose.yml up --build -d
#1 [internal] load local bake definitions
#1 reading from stdin 1.57kB done
#1 DONE 0.0s

#2 [wordpress internal] load build definition from Dockerfile
#2 transferring dockerfile: 761B done
#2 DONE 0.0s

#3 [nginx internal] load build definition from Dockerfile
#3 transferring dockerfile: 500B done
#3 DONE 0.0s

#4 [mariadb internal] load build definition from Dockerfile
#4 transferring dockerfile: 503B done
#4 DONE 0.0s

#5 [mariadb internal] load metadata for docker.io/library/debian:bookworm
#5 DONE 0.4s

#6 [mariadb internal] load .dockerignore
#6 transferring context: 2B done
#6 DONE 0.0s

#7 [nginx internal] load .dockerignore
#7 transferring context: 2B done
#7 DONE 0.0s

#8 [wordpress 1/6] FROM docker.io/library/debian:bookworm@sha256:1d6cd964917a13b547d1ea392dff9a000c3f36070686ebc5c8755d53fb374435
#8 DONE 0.0s

#9 [wordpress internal] load .dockerignore
#9 transferring context: 2B done
#9 DONE 0.0s

#10 [mariadb internal] load build context
#10 transferring context: 116B done
#10 DONE 0.0s

#11 [wordpress internal] load build context
#11 transferring context: 115B done
#11 DONE 0.0s

#12 [nginx internal] load build context
#12 transferring context: 61B done
#12 DONE 0.0s

#13 [mariadb 5/6] COPY tools/init.sh /usr/local/bin/init.sh
#13 CACHED

#14 [mariadb 4/6] COPY conf/mdb.cnf /etc/mysql/mariadb.conf.d/50-server.cnf
#14 CACHED

#15 [mariadb 3/6] RUN mkdir -p /run/mysqld && chown -R mysql:mysql /run/mysqld &&     mkdir -p /var/lib/mysql && chown -R mysql:mysql /var/lib/mysql
#15 CACHED

#16 [mariadb 2/6] RUN apt-get update && apt-get install -y mariadb-server &&     rm -rf /var/lib/apt/lists/* &&     rm -rf /var/lib/mysql/*
#16 CACHED

#17 [mariadb 6/6] RUN chmod +x /usr/local/bin/init.sh
#17 CACHED

#18 [nginx 2/4] RUN apt-get update && apt-get install -y nginx openssl &&     rm -rf /var/lib/apt/lists/*
#18 CACHED

#19 [nginx 3/4] RUN mkdir -p /etc/nginx/ssl &&     openssl req -x509 -nodes -days 365         -newkey rsa:2048         -keyout /etc/nginx/ssl/nginx.key         -out /etc/nginx/ssl/nginx.crt         -subj "/C=FR/ST=IDF/L=Paris/O=42/CN=pbuet.42.fr"
#19 CACHED

#20 [nginx 4/4] COPY conf/nginx.conf /etc/nginx/sites-available/default
#20 CACHED

#21 [wordpress 4/7] RUN mkdir -p /var/www/html/wordpress &&     mkdir -p /run/php &&     chown -R www-data:www-data /var/www/html/wordpress
#21 CACHED

#22 [wordpress 3/7] RUN wget -q https://raw.githubusercontent.com/wp-cli/builds/gh-pages/phar/wp-cli.phar     && chmod +x wp-cli.phar && mv wp-cli.phar /usr/local/bin/wp
#22 CACHED

#23 [wordpress 2/7] RUN apt-get update && apt-get install -y     php8.2-fpm     php8.2-mysql     php8.2-curl     php8.2-gd     php8.2-mbstring     php8.2-xml     php8.2-zip     wget     mariadb-client     && rm -rf /var/lib/apt/lists/*
#23 CACHED

#24 [wordpress 5/7] COPY conf/www.conf /etc/php/8.2/fpm/pool.d/www.conf
#24 CACHED

#25 [wordpress 6/7] COPY tools/wp.sh /usr/local/bin/wp_setup.sh
#25 CACHED

#26 [wordpress 7/7] RUN chmod +x /usr/local/bin/wp_setup.sh
#26 CACHED

#27 [mariadb] exporting to image
#27 exporting layers done
#27 writing image sha256:31be96d78af0ee562d6ab834ec810b2420cd096fb9361b86886ec157034fd0e8 done
#27 naming to docker.io/library/srcs-mariadb done
#27 DONE 0.0s

#28 [nginx] exporting to image
#28 exporting layers done
#28 writing image sha256:6d2f6252c1931863f33ac3490ca03737c6fb37af020b818a52555c116d163752 done
#28 naming to docker.io/library/srcs-nginx done
#28 DONE 0.0s

#29 [wordpress] exporting to image
#29 exporting layers done
#29 writing image sha256:b03aa9fbf8efbaa76ef3a25db7c27cfc96d8982124d4f2e75c5c36b0a3d07aeb done
#29 naming to docker.io/library/srcs-wordpress done
#29 DONE 0.0s

#30 [mariadb] resolving provenance for metadata file
#30 DONE 0.0s

#31 [nginx] resolving provenance for metadata file
#31 DONE 0.0s

#32 [wordpress] resolving provenance for metadata file
#32 DONE 0.0s
